[debug] [2022-11-21T02:26:44.601Z] ----------------------------------------------------------------------
[debug] [2022-11-21T02:26:44.602Z] Command:       /Users/aaronzeng/.nvm/versions/node/v16.16.0/bin/node /opt/homebrew/bin/firebase deploy
[debug] [2022-11-21T02:26:44.602Z] CLI Version:   11.4.2
[debug] [2022-11-21T02:26:44.602Z] Platform:      darwin
[debug] [2022-11-21T02:26:44.602Z] Node Version:  v16.16.0
[debug] [2022-11-21T02:26:44.603Z] Time:          Sun Nov 20 2022 21:26:44 GMT-0500 (Eastern Standard Time)
[debug] [2022-11-21T02:26:44.603Z] ----------------------------------------------------------------------
[debug] 
[debug] [2022-11-21T02:26:44.631Z] > command requires scopes: ["email","openid","https://www.googleapis.com/auth/cloudplatformprojects.readonly","https://www.googleapis.com/auth/firebase","https://www.googleapis.com/auth/cloud-platform"]
[debug] [2022-11-21T02:26:44.631Z] > authorizing via signed-in user (aaronz2003@gmail.com)
[debug] [2022-11-21T02:26:44.631Z] [iam] checking project cong-xu-coaching for permissions ["firebase.projects.get","firebasehosting.sites.update"]
[debug] [2022-11-21T02:26:44.632Z] >>> [apiv2][query] POST https://cloudresourcemanager.googleapis.com/v1/projects/cong-xu-coaching:testIamPermissions [none]
[debug] [2022-11-21T02:26:44.632Z] >>> [apiv2][(partial)header] POST https://cloudresourcemanager.googleapis.com/v1/projects/cong-xu-coaching:testIamPermissions x-goog-quota-user=projects/cong-xu-coaching
[debug] [2022-11-21T02:26:44.632Z] >>> [apiv2][body] POST https://cloudresourcemanager.googleapis.com/v1/projects/cong-xu-coaching:testIamPermissions {"permissions":["firebase.projects.get","firebasehosting.sites.update"]}
[debug] [2022-11-21T02:26:44.859Z] <<< [apiv2][status] POST https://cloudresourcemanager.googleapis.com/v1/projects/cong-xu-coaching:testIamPermissions 200
[debug] [2022-11-21T02:26:44.860Z] <<< [apiv2][body] POST https://cloudresourcemanager.googleapis.com/v1/projects/cong-xu-coaching:testIamPermissions {}
[debug] [2022-11-21T02:26:44.860Z] [iam] error while checking permissions, command may fail: FirebaseError: Authorization failed. This account is missing the following required permissions on project cong-xu-coaching:

  firebase.projects.get
  firebasehosting.sites.update
[debug] [2022-11-21T02:26:44.862Z] >>> [apiv2][query] GET https://firebase.googleapis.com/v1beta1/projects/cong-xu-coaching [none]
[debug] [2022-11-21T02:26:45.162Z] <<< [apiv2][status] GET https://firebase.googleapis.com/v1beta1/projects/cong-xu-coaching 403
[debug] [2022-11-21T02:26:45.163Z] <<< [apiv2][body] GET https://firebase.googleapis.com/v1beta1/projects/cong-xu-coaching {"error":{"code":403,"message":"The caller does not have permission","status":"PERMISSION_DENIED"}}
[debug] [2022-11-21T02:26:45.164Z] HTTP Error: 403, The caller does not have permission
[debug] [2022-11-21T02:26:45.238Z] FirebaseError: HTTP Error: 403, The caller does not have permission
    at responseToError (/opt/homebrew/lib/node_modules/firebase-tools/lib/responseToError.js:49:12)
    at RetryOperation._fn (/opt/homebrew/lib/node_modules/firebase-tools/lib/apiv2.js:288:77)
    at processTicksAndRejections (node:internal/process/task_queues:96:5)
[error] 
[error] Error: Failed to get Firebase project cong-xu-coaching. Please make sure the project exists and your account has permission to access it.
[debug] [2022-11-21T02:26:50.153Z] ----------------------------------------------------------------------
[debug] [2022-11-21T02:26:50.154Z] Command:       /Users/aaronzeng/.nvm/versions/node/v16.16.0/bin/node /opt/homebrew/bin/firebase init
[debug] [2022-11-21T02:26:50.154Z] CLI Version:   11.4.2
[debug] [2022-11-21T02:26:50.154Z] Platform:      darwin
[debug] [2022-11-21T02:26:50.154Z] Node Version:  v16.16.0
[debug] [2022-11-21T02:26:50.155Z] Time:          Sun Nov 20 2022 21:26:50 GMT-0500 (Eastern Standard Time)
[debug] [2022-11-21T02:26:50.155Z] ----------------------------------------------------------------------
[debug] 
[debug] [2022-11-21T02:26:50.187Z] > command requires scopes: ["email","openid","https://www.googleapis.com/auth/cloudplatformprojects.readonly","https://www.googleapis.com/auth/firebase","https://www.googleapis.com/auth/cloud-platform"]
[debug] [2022-11-21T02:26:50.187Z] > authorizing via signed-in user (aaronz2003@gmail.com)
[info] 
     ######## #### ########  ######## ########     ###     ######  ########
     ##        ##  ##     ## ##       ##     ##  ##   ##  ##       ##
     ######    ##  ########  ######   ########  #########  ######  ######
     ##        ##  ##    ##  ##       ##     ## ##     ##       ## ##
     ##       #### ##     ## ######## ########  ##     ##  ######  ########

You're about to initialize a Firebase project in this directory:

  /Users/aaronzeng/life_coach_website

Before we get started, keep in mind:

  * You are initializing within an existing Firebase project directory

[info] 
=== Project Setup
[info] 
[info] First, let's associate this project directory with a Firebase project.
[info] You can create multiple project aliases by running firebase use --add, 
[info] but for now we'll just set up a default project.
[info] 
[debug] [2022-11-21T02:27:36.179Z] Using project from CLI flag: cong-xu-coaching
[debug] [2022-11-21T02:27:36.182Z] >>> [apiv2][query] GET https://firebase.googleapis.com/v1beta1/projects/cong-xu-coaching [none]
[debug] [2022-11-21T02:27:36.680Z] <<< [apiv2][status] GET https://firebase.googleapis.com/v1beta1/projects/cong-xu-coaching 403
[debug] [2022-11-21T02:27:36.680Z] <<< [apiv2][body] GET https://firebase.googleapis.com/v1beta1/projects/cong-xu-coaching {"error":{"code":403,"message":"The caller does not have permission","status":"PERMISSION_DENIED"}}
[debug] [2022-11-21T02:27:36.681Z] HTTP Error: 403, The caller does not have permission
[debug] [2022-11-21T02:27:36.757Z] FirebaseError: HTTP Error: 403, The caller does not have permission
    at responseToError (/opt/homebrew/lib/node_modules/firebase-tools/lib/responseToError.js:49:12)
    at RetryOperation._fn (/opt/homebrew/lib/node_modules/firebase-tools/lib/apiv2.js:288:77)
    at processTicksAndRejections (node:internal/process/task_queues:96:5)
[error] 
[error] Error: Failed to get Firebase project cong-xu-coaching. Please make sure the project exists and your account has permission to access it.
